{
  "/Users/robin/Documents/Repositories/ventura/src/index.ts": {
    "path": "/Users/robin/Documents/Repositories/ventura/src/index.ts",
    "statementMap": {
      "0": { "start": { "line": 1, "column": 0 }, "end": { "line": 1, "column": 21 } },
      "1": { "start": { "line": 3, "column": 0 }, "end": { "line": 3, "column": 9 } },
      "2": { "start": { "line": 3, "column": 9 }, "end": { "line": 3, "column": 26 } },
      "3": { "start": { "line": 4, "column": 0 }, "end": { "line": 4, "column": 30 } }
    },
    "fnMap": {},
    "branchMap": {},
    "s": { "0": 1, "1": 1, "2": 1, "3": 1 },
    "f": {},
    "b": {}
  },
  "/Users/robin/Documents/Repositories/ventura/src/components/Button/Button.tsx": {
    "path": "/Users/robin/Documents/Repositories/ventura/src/components/Button/Button.tsx",
    "statementMap": {
      "0": { "start": { "line": 1, "column": 0 }, "end": { "line": 1, "column": 49 } },
      "1": { "start": { "line": 2, "column": 0 }, "end": { "line": 2, "column": 36 } },
      "2": { "start": { "line": 4, "column": 0 }, "end": { "line": 4, "column": 47 } },
      "3": { "start": { "line": 6, "column": 0 }, "end": { "line": 6, "column": 41 } },
      "4": { "start": { "line": 20, "column": 32 }, "end": { "line": 58, "column": 1 } },
      "5": { "start": { "line": 21, "column": 2 }, "end": { "line": 21, "column": 10 } },
      "6": { "start": { "line": 22, "column": 2 }, "end": { "line": 22, "column": 18 } },
      "7": { "start": { "line": 23, "column": 2 }, "end": { "line": 23, "column": 9 } },
      "8": { "start": { "line": 24, "column": 2 }, "end": { "line": 24, "column": 11 } },
      "9": { "start": { "line": 25, "column": 2 }, "end": { "line": 25, "column": 12 } },
      "10": { "start": { "line": 26, "column": 2 }, "end": { "line": 26, "column": 11 } },
      "11": { "start": { "line": 27, "column": 2 }, "end": { "line": 27, "column": 12 } },
      "12": { "start": { "line": 28, "column": 2 }, "end": { "line": 28, "column": 12 } },
      "13": { "start": { "line": 29, "column": 2 }, "end": { "line": 29, "column": 6 } },
      "14": { "start": { "line": 31, "column": 27 }, "end": { "line": 37, "column": null } },
      "15": { "start": { "line": 40, "column": 26 }, "end": { "line": 43, "column": 5 } },
      "16": { "start": { "line": 45, "column": 2 }, "end": { "line": 57, "column": 4 } },
      "17": { "start": { "line": 60, "column": 0 }, "end": { "line": 60, "column": 22 } }
    },
    "fnMap": {
      "0": {
        "name": "(anonymous_1)",
        "decl": { "start": { "line": 20, "column": 32 }, "end": { "line": 20, "column": 33 } },
        "loc": { "start": { "line": 30, "column": 8 }, "end": { "line": 58, "column": 1 } }
      }
    },
    "branchMap": {
      "0": {
        "loc": { "start": { "line": 22, "column": 2 }, "end": { "line": 22, "column": 18 } },
        "type": "cond-expr",
        "locations": [
          { "start": { "line": 22, "column": 2 }, "end": { "line": 22, "column": 18 } },
          { "start": { "line": 22, "column": 2 }, "end": { "line": 22, "column": 18 } }
        ]
      },
      "1": {
        "loc": { "start": { "line": 41, "column": 34 }, "end": { "line": 41, "column": 53 } },
        "type": "binary-expr",
        "locations": [
          { "start": { "line": 41, "column": 34 }, "end": { "line": 41, "column": 53 } },
          { "start": { "line": 41, "column": 57 }, "end": { "line": 41, "column": 66 } }
        ]
      },
      "2": {
        "loc": { "start": { "line": 47, "column": 16 }, "end": { "line": 47, "column": 26 } },
        "type": "binary-expr",
        "locations": [
          { "start": { "line": 47, "column": 16 }, "end": { "line": 47, "column": 26 } },
          { "start": { "line": 47, "column": 30 }, "end": { "line": 47, "column": 39 } }
        ]
      },
      "3": {
        "loc": { "start": { "line": 50, "column": 41 }, "end": { "line": 50, "column": 50 } },
        "type": "cond-expr",
        "locations": [
          { "start": { "line": 50, "column": 41 }, "end": { "line": 50, "column": 50 } },
          { "start": { "line": 50, "column": 53 }, "end": { "line": 50, "column": 60 } }
        ]
      },
      "4": {
        "loc": { "start": { "line": 50, "column": 15 }, "end": { "line": 50, "column": 24 } },
        "type": "binary-expr",
        "locations": [
          { "start": { "line": 50, "column": 15 }, "end": { "line": 50, "column": 24 } },
          { "start": { "line": 50, "column": 28 }, "end": { "line": 50, "column": 38 } }
        ]
      },
      "5": {
        "loc": { "start": { "line": 53, "column": 19 }, "end": { "line": 53, "column": 57 } },
        "type": "cond-expr",
        "locations": [
          { "start": { "line": 53, "column": 19 }, "end": { "line": 53, "column": 57 } },
          { "start": { "line": 53, "column": 60 }, "end": { "line": 53, "column": 70 } }
        ]
      },
      "6": {
        "loc": { "start": { "line": 55, "column": 7 }, "end": { "line": 55, "column": 16 } },
        "type": "binary-expr",
        "locations": [
          { "start": { "line": 55, "column": 7 }, "end": { "line": 55, "column": 16 } },
          { "start": { "line": 55, "column": 20 }, "end": { "line": 55, "column": 30 } }
        ]
      }
    },
    "s": {
      "0": 1,
      "1": 1,
      "2": 1,
      "3": 1,
      "4": 1,
      "5": 8,
      "6": 16,
      "7": 8,
      "8": 8,
      "9": 8,
      "10": 8,
      "11": 8,
      "12": 8,
      "13": 8,
      "14": 8,
      "15": 8,
      "16": 8,
      "17": 1
    },
    "f": { "0": 8 },
    "b": {
      "0": [7, 1],
      "1": [8, 7],
      "2": [8, 7],
      "3": [2, 6],
      "4": [8, 7],
      "5": [1, 7],
      "6": [8, 7]
    }
  },
  "/Users/robin/Documents/Repositories/ventura/src/components/Icon/Icon.tsx": {
    "path": "/Users/robin/Documents/Repositories/ventura/src/components/Icon/Icon.tsx",
    "statementMap": {
      "0": { "start": { "line": 1, "column": 0 }, "end": { "line": 1, "column": 45 } },
      "1": { "start": { "line": 9, "column": 34 }, "end": { "line": 17, "column": 1 } },
      "2": { "start": { "line": 9, "column": 37 }, "end": { "line": 9, "column": 46 } },
      "3": { "start": { "line": 9, "column": 48 }, "end": { "line": 9, "column": 53 } },
      "4": { "start": { "line": 9, "column": 55 }, "end": { "line": 9, "column": 77 } },
      "5": { "start": { "line": 10, "column": 2 }, "end": { "line": 16, "column": 4 } },
      "6": { "start": { "line": 19, "column": 0 }, "end": { "line": 19, "column": 20 } }
    },
    "fnMap": {
      "0": {
        "name": "(anonymous_1)",
        "decl": { "start": { "line": 9, "column": 34 }, "end": { "line": 9, "column": 35 } },
        "loc": { "start": { "line": 9, "column": 90 }, "end": { "line": 17, "column": 1 } }
      }
    },
    "branchMap": {
      "0": {
        "loc": { "start": { "line": 9, "column": 55 }, "end": { "line": 9, "column": 77 } },
        "type": "cond-expr",
        "locations": [
          { "start": { "line": 9, "column": 55 }, "end": { "line": 9, "column": 77 } },
          { "start": { "line": 9, "column": 55 }, "end": { "line": 9, "column": 77 } }
        ]
      }
    },
    "s": { "0": 0, "1": 0, "2": 0, "3": 0, "4": 0, "5": 0, "6": 0 },
    "f": { "0": 0 },
    "b": { "0": [0, 0] }
  },
  "/Users/robin/Documents/Repositories/ventura/src/components/Input/Input.tsx": {
    "path": "/Users/robin/Documents/Repositories/ventura/src/components/Input/Input.tsx",
    "statementMap": {
      "0": { "start": { "line": 1, "column": 0 }, "end": { "line": 1, "column": 50 } },
      "1": { "start": { "line": 2, "column": 0 }, "end": { "line": 2, "column": 36 } },
      "2": { "start": { "line": 4, "column": 0 }, "end": { "line": 4, "column": 40 } },
      "3": { "start": { "line": 19, "column": 14 }, "end": { "line": 57, "column": null } },
      "4": { "start": { "line": 22, "column": 6 }, "end": { "line": 22, "column": 10 } },
      "5": { "start": { "line": 23, "column": 6 }, "end": { "line": 23, "column": 11 } },
      "6": { "start": { "line": 24, "column": 6 }, "end": { "line": 24, "column": 14 } },
      "7": { "start": { "line": 25, "column": 6 }, "end": { "line": 25, "column": 17 } },
      "8": { "start": { "line": 26, "column": 6 }, "end": { "line": 26, "column": 19 } },
      "9": { "start": { "line": 27, "column": 6 }, "end": { "line": 27, "column": 18 } },
      "10": { "start": { "line": 28, "column": 6 }, "end": { "line": 28, "column": 24 } },
      "11": { "start": { "line": 29, "column": 6 }, "end": { "line": 29, "column": 26 } },
      "12": { "start": { "line": 30, "column": 6 }, "end": { "line": 30, "column": 15 } },
      "13": { "start": { "line": 31, "column": 6 }, "end": { "line": 31, "column": 15 } },
      "14": { "start": { "line": 35, "column": 37 }, "end": { "line": 35, "column": 76 } },
      "15": { "start": { "line": 36, "column": 33 }, "end": { "line": 38, "column": 7 } },
      "16": { "start": { "line": 39, "column": 4 }, "end": { "line": 56, "column": 6 } },
      "17": { "start": { "line": 60, "column": 0 }, "end": { "line": 60, "column": 21 } }
    },
    "fnMap": {
      "0": {
        "name": "(anonymous_1)",
        "decl": { "start": { "line": 20, "column": 2 }, "end": { "line": 20, "column": null } },
        "loc": { "start": { "line": 33, "column": 7 }, "end": { "line": 57, "column": 3 } }
      }
    },
    "branchMap": {
      "0": {
        "loc": { "start": { "line": 26, "column": 6 }, "end": { "line": 26, "column": 19 } },
        "type": "cond-expr",
        "locations": [
          { "start": { "line": 26, "column": 6 }, "end": { "line": 26, "column": 19 } },
          { "start": { "line": 26, "column": 6 }, "end": { "line": 26, "column": 19 } }
        ]
      },
      "1": {
        "loc": { "start": { "line": 28, "column": 6 }, "end": { "line": 28, "column": 24 } },
        "type": "cond-expr",
        "locations": [
          { "start": { "line": 28, "column": 6 }, "end": { "line": 28, "column": 24 } },
          { "start": { "line": 28, "column": 6 }, "end": { "line": 28, "column": 24 } }
        ]
      },
      "2": {
        "loc": { "start": { "line": 29, "column": 6 }, "end": { "line": 29, "column": 26 } },
        "type": "cond-expr",
        "locations": [
          { "start": { "line": 29, "column": 6 }, "end": { "line": 29, "column": 26 } },
          { "start": { "line": 29, "column": 6 }, "end": { "line": 29, "column": 26 } }
        ]
      },
      "3": {
        "loc": { "start": { "line": 48, "column": 39 }, "end": { "line": 48, "column": 43 } },
        "type": "cond-expr",
        "locations": [
          { "start": { "line": 48, "column": 39 }, "end": { "line": 48, "column": 43 } },
          { "start": { "line": 48, "column": 46 }, "end": { "line": 48, "column": 51 } }
        ]
      },
      "4": {
        "loc": { "start": { "line": 54, "column": 9 }, "end": { "line": 54, "column": 30 } },
        "type": "binary-expr",
        "locations": [
          { "start": { "line": 54, "column": 9 }, "end": { "line": 54, "column": 30 } },
          { "start": { "line": 54, "column": 34 }, "end": { "line": 54, "column": 93 } }
        ]
      }
    },
    "s": {
      "0": 1,
      "1": 1,
      "2": 1,
      "3": 1,
      "4": 10,
      "5": 10,
      "6": 10,
      "7": 10,
      "8": 20,
      "9": 10,
      "10": 20,
      "11": 20,
      "12": 10,
      "13": 10,
      "14": 10,
      "15": 10,
      "16": 10,
      "17": 1
    },
    "f": { "0": 10 },
    "b": { "0": [9, 1], "1": [9, 1], "2": [9, 1], "3": [1, 9], "4": [10, 1] }
  },
  "/Users/robin/Documents/Repositories/ventura/src/components/utils/Spinner/Spinner.tsx": {
    "path": "/Users/robin/Documents/Repositories/ventura/src/components/utils/Spinner/Spinner.tsx",
    "statementMap": {
      "0": { "start": { "line": 1, "column": 0 }, "end": { "line": 1, "column": 26 } },
      "1": { "start": { "line": 2, "column": 0 }, "end": { "line": 2, "column": 36 } },
      "2": { "start": { "line": 4, "column": 0 }, "end": { "line": 4, "column": 42 } },
      "3": { "start": { "line": 10, "column": 33 }, "end": { "line": 18, "column": 1 } },
      "4": { "start": { "line": 10, "column": 36 }, "end": { "line": 10, "column": 45 } },
      "5": { "start": { "line": 11, "column": 28 }, "end": { "line": 11, "column": 61 } },
      "6": { "start": { "line": 13, "column": 2 }, "end": { "line": 17, "column": 4 } },
      "7": { "start": { "line": 20, "column": 0 }, "end": { "line": 20, "column": 23 } }
    },
    "fnMap": {
      "0": {
        "name": "(anonymous_1)",
        "decl": { "start": { "line": 10, "column": 33 }, "end": { "line": 10, "column": 34 } },
        "loc": { "start": { "line": 10, "column": 54 }, "end": { "line": 18, "column": 1 } }
      }
    },
    "branchMap": {},
    "s": { "0": 1, "1": 1, "2": 1, "3": 1, "4": 1, "5": 1, "6": 1, "7": 1 },
    "f": { "0": 1 },
    "b": {}
  }
}
