TN:
SF:src/index.ts
FNF:0
FNH:0
DA:1,1
DA:3,1
DA:4,1
LF:3
LH:3
BRF:0
BRH:0
end_of_record
TN:
SF:src/components/Button/Button.tsx
FN:20,(anonymous_1)
FNF:1
FNH:1
FNDA:8,(anonymous_1)
DA:1,1
DA:2,1
DA:4,1
DA:6,1
DA:20,1
DA:21,8
DA:22,16
DA:23,8
DA:24,8
DA:25,8
DA:26,8
DA:27,8
DA:28,8
DA:29,8
DA:31,8
DA:40,8
DA:45,8
DA:60,1
LF:18
LH:18
BRDA:22,0,0,7
BRDA:22,0,1,1
BRDA:41,1,0,8
BRDA:41,1,1,7
BRDA:47,2,0,8
BRDA:47,2,1,7
BRDA:50,3,0,2
BRDA:50,3,1,6
BRDA:50,4,0,8
BRDA:50,4,1,7
BRDA:53,5,0,1
BRDA:53,5,1,7
BRDA:55,6,0,8
BRDA:55,6,1,7
BRF:14
BRH:14
end_of_record
TN:
SF:src/components/Icon/Icon.tsx
FN:9,(anonymous_1)
FNF:1
FNH:0
FNDA:0,(anonymous_1)
DA:1,0
DA:9,0
DA:10,0
DA:19,0
LF:4
LH:0
BRDA:9,0,0,0
BRDA:9,0,1,0
BRF:2
BRH:0
end_of_record
TN:
SF:src/components/Input/Input.tsx
FN:20,(anonymous_1)
FNF:1
FNH:1
FNDA:10,(anonymous_1)
DA:1,1
DA:2,1
DA:4,1
DA:19,1
DA:22,10
DA:23,10
DA:24,10
DA:25,10
DA:26,20
DA:27,10
DA:28,20
DA:29,20
DA:30,10
DA:31,10
DA:35,10
DA:36,10
DA:39,10
DA:60,1
LF:18
LH:18
BRDA:26,0,0,9
BRDA:26,0,1,1
BRDA:28,1,0,9
BRDA:28,1,1,1
BRDA:29,2,0,9
BRDA:29,2,1,1
BRDA:48,3,0,1
BRDA:48,3,1,9
BRDA:54,4,0,10
BRDA:54,4,1,1
BRF:10
BRH:10
end_of_record
TN:
SF:src/components/utils/Spinner/Spinner.tsx
FN:10,(anonymous_1)
FNF:1
FNH:1
FNDA:1,(anonymous_1)
DA:1,1
DA:2,1
DA:4,1
DA:10,1
DA:11,1
DA:13,1
DA:20,1
LF:7
LH:7
BRF:0
BRH:0
end_of_record
